<?xml version="1.0" encoding="UTF-8"?>
<testsuite xmlns:xsi="http://www.w3.org/2001/XMLSchema-instance" xsi:noNamespaceSchemaLocation="https://maven.apache.org/surefire/maven-surefire-plugin/xsd/surefire-test-report.xsd" version="3.0.2" name="io.mdcompare.server.PingResourceTest" time="0.754" tests="1" errors="0" skipped="0" failures="0">
  <properties>
[...]
</properties>
  <testcase name="pingReturnsOk" classname="io.mdcompare.server.PingResourceTest" time="0.551">
    <system-err><![CDATA[May 18, 2026 1:42:28 PM io.quarkus.runtime.configuration.ConfigDiagnostic unknown
WARN: Unrecognized configuration key "quarkus.http.cors" was provided; it will be ignored; verify that the dependency extension for this configuration is set or that you did not make a typo
May 18, 2026 1:42:28 PM io.quarkus.bootstrap.runner.Timing printStartupTime
INFO: mdcompare-server 1.0.0-SNAPSHOT on JVM (powered by Quarkus 3.34.3) started in 0.958s. Listening on: http://localhost:8081
May 18, 2026 1:42:28 PM io.quarkus.bootstrap.runner.Timing printStartupTime
INFO: Profile test activated. 
May 18, 2026 1:42:28 PM io.quarkus.bootstrap.runner.Timing printStartupTime
INFO: Installed features: [cdi, rest, rest-jackson, smallrye-context-propagation, smallrye-health, vertx]
May 18, 2026 1:42:29 PM org.jboss.logmanager.JBossLoggerFinder getLogger
ERROR: The LogManager accessed before the "java.util.logging.manager" system property was set to "org.jboss.logmanager.LogManager". Results may be unexpected.
]]></system-err>
  </testcase>
</testsuite>